<?xml version="1.0" encoding="UTF-8"?>
<!-- Generated by org.testng.reporters.JUnitXMLReporter -->
<testsuite ignored="0" hostname="Uncodemy" failures="0" tests="4" name="Regression" time="6.524" errors="0" timestamp="2023-05-28T12:48:00 IST">
  <testcase classname="xpath.TestNG" name="fail" time="0.012"/>
  <testcase classname="xpath.TestNG" name="test1" time="0.008"/>
  <testcase classname="xpath.MyFirstTestNG" name="test1" time="3.859"/>
  <testcase classname="xpath.MyFirstTestNG" name="test2" time="2.585"/>
</testsuite> <!-- Regression -->
