<?xml version="1.0" encoding="UTF-8"?>
<testng-results ignored="1" total="2" passed="1" failed="0" skipped="0">
  <reporter-output>
  </reporter-output>
  <suite started-at="2023-06-04T17:25:23 IST" name="Default suite" finished-at="2023-06-04T17:25:23 IST" duration-ms="65">
    <groups>
    </groups>
    <test started-at="2023-06-04T17:25:23 IST" name="Default test" finished-at="2023-06-04T17:25:23 IST" duration-ms="65">
      <class name="xpath.TestNG">
        <test-method signature="test1()[pri:0, instance:xpath.TestNG@272113c4]" started-at="2023-06-04T17:25:23 IST" name="test1" finished-at="2023-06-04T17:25:23 IST" duration-ms="14" status="PASS">
          <reporter-output>
          </reporter-output>
        </test-method> <!-- test1 -->
      </class> <!-- xpath.TestNG -->
    </test> <!-- Default test -->
  </suite> <!-- Default suite -->
</testng-results>
